  1/100  Human                        have=[food, water, sleep, warmth, bathroom, hygiene, health, safety, shelter, social, love, respect, movement]  extra=[mental, communication, play, entertainment, learning, connection]
  2/100  Axolotl                      have=[food, water]  extra=[ponds, aeration, cocecha, space, filtration, habitat]
  3/100  Orca                         have=[food, water, safety, social]  extra=[oil, protection, fun, play, buoyancy, companionship]
  4/100  Lion                         have=[food, water, sleep, bathroom, hygiene, health, social, movement]  extra=[other, cuddling, exercise, play, territory, hunting]
  5/100  Raccoon                      have=[food, water, sleep, bathroom, health, safety, shelter, social, movement]  extra=[reproduction, mental, mawkishness, play, stupidity, intelligence]
  6/100  Platypus                     have=[food, water, sleep, health, safety]  extra=[territory, reproduction, piggers, location, family, reproduce]
  7/100  Jaguar                       have=[food, water, sleep, hygiene, health, safety, social, movement]  extra=[caress, hunting, energy, exercise, sunlight, rest]
  8/100  Cattle                       have=[food, water]  extra=[none, space, milk, poo, attention, grazing]
  9/100  Loquat plant                 have=[food, water]  extra=[habitat, light, roots, nutrients, soil, sunlight]
 10/100  Horse                        have=[food, water, sleep, bathroom, hygiene, health, safety, shelter, social, novelty, movement]  extra=[touch, playtime, entertainment, breeding, companionship, comfort]
 11/100  Tiger                        have=[food, water, sleep, bathroom, hygiene, health, safety, shelter, social, movement]  extra=[breath, medication, breeding, energy, comfort, babies]
 12/100  Hippopotamus                 have=[food, water, sleep, bathroom, hygiene, health, safety, shelter, social, movement]  extra=[sun, emotional, play, strength, reproduction, growth]
 13/100  Kākāpō                       have=[food, water, sleep, warmth, health, safety, shelter, social, movement]  extra=[matesheltersocial, reproduction, concubinage, mates, nutrition, activity]
 14/100  Osprey                       have=[food, water, health, safety, social]  extra=[habitat, flight, nesting, nests, fish, mating]
 15/100  Portuguese man o' war        have=[food, water, health]  extra=[energy, reproduction, light, stings, tentacle, metabolism]
 16/100  Cheetah                      have=[food, water, health, safety, movement]  extra=[speed, life, territory, sleeping, pack, mate]
 17/100  Fisher                       have=[food, sleep, health, safety, shelter, social]  extra=[protection, comfort, boundaries, clothing, companionship, noise]
 18/100  Bonobo                       have=[food, sleep, social]  extra=[affection, swinging, touch, fuzziness, playfulness, drink]
 19/100  Aardwolf                     have=[food, water, health, safety, social]  extra=[organization, reproduction, nutrition, aardwolves, territory, young]
 20/100  Jackfruit plant              have=[food, water]  extra=[fertilization, fertilizer, sun, shade, pollination, space]
 21/100  Maize plant                  have=[food, water]  extra=[fertiliser, nutrients, sunlight, light, nitrogen, soil]
 22/100  Watermelon plant             have=[food, water, health]  extra=[soil, temperature, sunlight, time, protection, fruits]
 23/100  Dandelion plant              have=[food, water]  extra=[nutrients, sunlight, soil, space, leaves, light]
 24/100  Clove plant                  have=[food, water, health]  extra=[growth, light, soil, sunlight, space, reservedarea]
 25/100  Mayfly                       have=[water, health]  extra=[energy, breathe, sunlight, breed, squeegee, balance]
 26/100  Leopard                      have=[food, water, sleep, bathroom, hygiene, health, safety, movement]  extra=[sight, solitude, aco, mothership, hunting, sun]
 27/100  Tomato plant                 have=[food, water, health]  extra=[soil, nutrients, sunlight, root, roots, nutrition]
 28/100  Blue-ringed octopus          have=[food, water, health]  extra=[reproduction, change, femalefangs, habitat, protection, home]
 29/100  Secretarybird                have=[food, water, bathroom, hygiene, health, shelter]  extra=[protection, electricity, nest, sleeping, location, peforoduction]
 30/100  Chimpanzee                   have=[food, water, sleep, bathroom, health, safety, social]  extra=[entertainment, play, cage, emotional, clean, activity]
 31/100  Catnip plant                 have=[water]  extra=[harvesting, sunlight, sun, light, attention, soil]
 32/100  Fossa                        have=[food, sleep, safety, social]  extra=[play, home, undefined, resources, grass, drink]
 33/100  Oat plant                    have=[food, water, health]  extra=[sunlight, graze, stay, nutrition, light, fertilizer]
 34/100  Edelweiss plant              have=[food, water, health]  extra=[sunlight, grow, light, dirt, seed, protect]
 35/100  Soybean plant                have=[food, water, health]  extra=[protection, light, space, sunlight, soil, nutrients]
 36/100  Pineapple plant              have=[food, water, health]  extra=[roots, nourishment, grooming, light, sunlight, soil]
 37/100  Sorghum plant                have=[food, water, health]  extra=[sunlight, nutrition, moisture, antibiotic, soil, light]
 38/100  Pistachio plant              have=[water]  extra=[time, nutrient, light, sunlight, minerals, prune]
 39/100  Donkey                       have=[food, water, sleep, bathroom, health, safety, social, movement]  extra=[survival, company, adventure, reproduction, affection, protection]
 40/100  Przewalski's horse           have=[food, water, sleep, warmth, bathroom, health, safety, shelter, social, movement]  extra=[friends, protection, reproduction, herd, play, companionship]
 41/100  Fig plant                    have=[water]  extra=[sunlight, fruits, light, nutrients, nutrient, nutrition]
 42/100  Lentil plant                 have=[food, water, health]  extra=[pollination, nutrients, sunlight, soil, https, fertilizer]
 43/100  Blackcurrant plant           have=[food, water, health]  extra=[soil, grow, nutrients, space, sunlight, protection]
 44/100  Wild onion plant             have=[food, water, health, safety]  extra=[sunlight, rest, light, soil, protection, reproduction]
 45/100  Sorrel plant                 have=[food, water]  extra=[sunlight, nutrients, light, environment, mates, soil]
 46/100  Sesame plant                 have=[water]  extra=[drying, sun, sunlight, nutrients, fertility, soil]
 47/100  Pallas's cat                 have=[food, water, sleep, bathroom, hygiene, health, safety, shelter, movement]  extra=[socialization, cleaning, offspring, exercise, prey, claw]
 48/100  Pronghorn                    have=[food, water, health, safety, social]  extra=[predators, speed, habitat, acorn, salt, energy]
 49/100  Quokka                       have=[food, water, sleep, health, social]  extra=[grooming, thirst, habitat, play, mateship, friends]
 50/100  Groundhog                    have=[food, water, bathroom, health, safety, shelter, social]  extra=[happiness, energy, fearlessness, comfort, play, darknest]
 51/100  Basa                         have=[water, safety]  extra=[reproducing, interaction, whale, happiness, predator]
 52/100  Great horned owl             have=[food, water, bathroom, health, safety, shelter, social, movement]  extra=[exercise, hibernation, sleeping, feathers, habitat, nesting]
 53/100  Castor bean plant            have=[food, water, health]  extra=[sunlight, cover, sun, light, soil, ground]
 54/100  Avocado plant                have=[food, water, health]  extra=[light, germination, soil, sunlight, photosynthesis, protection]
 55/100  Lovebug                      have=[safety]  extra=[security, defensemechanisms, nutrition, habitat, nourishment, nutrients]
