  1/100  Human                        have=[food, water, sleep, warmth, bathroom, hygiene, health, safety, shelter, social, love, respect, purpose, novelty, movement]  extra=[territory, entertainment, environment, exercise, curiosity, strength]
  2/100  Axolotl                      have=[food, water, sleep, bathroom, health, safety, shelter, movement]  extra=[braiding, territory, tumor, mates, attention, temperature]
  3/100  Orca                         have=[food, water, sleep, warmth, bathroom, health, safety, social, novelty, movement]  extra=[territory, companions, attention, offspring, friendship, space]
  4/100  Lion                         have=[food, water, sleep, warmth, bathroom, health, safety, shelter, social, movement]  extra=[territory, space, mates, reproduction, grooming, attention]
  5/100  Raccoon                      have=[food, water, sleep, warmth, bathroom, hygiene, health, safety, shelter, novelty, movement]  extra=[groomingcollection, territory, fun, companionship, attention, comfort]
  6/100  Platypus                     have=[food, water, sleep, warmth, bathroom, health, safety, shelter, movement]  extra=[humidity, friendship, mate, friends, security, sunlight]
  7/100  Jaguar                       have=[food, water, sleep, warmth, bathroom, hygiene, health, safety, shelter, movement]  extra=[territory, space, senses, hunt, attention, mating]
  8/100  Cattle                       have=[food, water, sleep, warmth, bathroom, hygiene, health, safety, shelter, social, movement]  extra=[territory, communication, reproduction, companionship, space, mating]
  9/100  Loquat plant                 have=[water, warmth]  extra=[sunshine, pollination, sunlight, soil, fertilizer, nitrogen]
 10/100  Horse                        have=[food, water, sleep, warmth, bathroom, hygiene, health, safety, shelter, social, movement]  extra=[companionship, comfort, contentment, territory, mate, exercise]
 11/100  Tiger                        have=[food, water, sleep, warmth, bathroom, health, safety, shelter, movement]  extra=[territory, exercise, sex, space]
 12/100  Hippopotamus                 have=[food, water, sleep, warmth, bathroom, hygiene, health, safety, shelter, social, movement]  extra=[territory, playfulness, space, contact, security, communication]
 13/100  Kākāpō                       have=[food, water, sleep, warmth, bathroom, hygiene, health, safety, shelter, love, movement]  extra=[territory, fun, socialization, enrichment, company, companion]
 14/100  Osprey                       have=[food, sleep, warmth, bathroom, health, safety, shelter, love, movement]  extra=[socialization, territory, contact, companionship, company, energy]
 15/100  Portuguese man o' war        have=[food, water, health, safety]  extra=[territory, light, buoyancy, sunlight]
 16/100  Cheetah                      have=[food, water, sleep, warmth, bathroom, hygiene, health, safety, shelter, movement]  extra=[security, territory, disapproval, competition, companionship, procreating]
 17/100  Fisher                       have=[food, sleep, warmth, bathroom, health, safety, shelter, movement]  extra=[attention, territory, space, companionship, fluids, balance]
 18/100  Bonobo                       have=[food, water, sleep, warmth, bathroom, hygiene, health, safety, shelter, social, love, respect, purpose, novelty, movement]  extra=[territory, friendship, fun, play, satisfaction, soundscape]
 19/100  Aardwolf                     have=[food, water, sleep, warmth, bathroom, hygiene, health, safety, shelter, social, purpose, movement]  extra=[freedom, territory, independence, coat, parenting, support]
 20/100  Jackfruit plant              have=[water, warmth]  extra=[rainfall, sunlight, light, moisture, sun, soil]
 21/100  Maize plant                  have=[water, warmth]  extra=[nutrition, nutririon, sunlight, soil, space, nutrients]
 22/100  Watermelon plant             have=[water, warmth]  extra=[sunlight, soil, nutrition, sunshine, molybdenum, space]
 23/100  Dandelion plant              have=[water]  extra=[sunlight, sun, seeds, soil]
 24/100  Clove plant                  have=[water, warmth]  extra=[sunlight, enemies, nutrients, fertilizer, darkness, light]
 25/100  Mayfly                       have=[food, health, safety, love, movement]  extra=[work, defense, daylight, hydration, belonging, life]
 26/100  Leopard                      have=[food, water, sleep, warmth, bathroom, health, safety, shelter, movement]  extra=[territory, pasta, cubs, companionship]
 27/100  Tomato plant                 have=[water, warmth]  extra=[soil, light, nutrients, sunlight, dirt, fertilizer]
 28/100  Blue-ringed octopus          have=[food, water, sleep, health, safety, shelter, movement]  extra=[sunlight, territory, space, protection, reproduction, camouflage]
 29/100  Secretarybird                have=[food, water, sleep, warmth, bathroom, hygiene, health, safety, shelter, love, movement]  extra=[security, territory, flight, foliage, procreation, affection]
 30/100  Chimpanzee                   have=[food, water, sleep, warmth, bathroom, hygiene, health, safety, shelter, social, love, respect, novelty, movement]  extra=[territory, attention, mate, playfulness, socialization, affection]
 31/100  Catnip plant                 have=[water]  extra=[sun, sunlight, healthy, fertilizer]
 32/100  Fossa                        have=[food, water, sleep, warmth, bathroom, hygiene, health, safety, shelter, purpose, movement]  extra=[territory, socialization, toothbrush, comfort, space, affection]
 33/100  Oat plant                    have=[water]  extra=[soil, sunlight, minerals, fertilizer, nutrition, space]
 34/100  Edelweiss plant              have=[water]  extra=[sunlight, sun, sunshine, belongings, location, soil]
 35/100  Soybean plant                have=[water]  extra=[sunlight, soil, fertility, nutrients, earth, nitrogen]
 36/100  Pineapple plant              have=[water, warmth, health]  extra=[sunlight, light, patience, nutrients, ashtray, soil]
 37/100  Sorghum plant                have=[water, warmth]  extra=[fertility, sunlight, soil, sun, nutrition, fertilizer]
 38/100  Pistachio plant              have=[water, warmth]  extra=[soil, outdoors, sunlight, sun, minerals, soilmoisture]
 39/100  Donkey                       have=[food, water, sleep, warmth, bathroom, hygiene, health, safety, shelter, social, purpose, movement]  extra=[belonging, mate, companionship, boundaries, stimulation, stability]
 40/100  Przewalski's horse           have=[food, water, sleep, warmth, bathroom, hygiene, health, safety, shelter, social, movement]  extra=[family, territory, companionship, company, employment, friendship]
 41/100  Fig plant                    have=[water, warmth]  extra=[sunlight, nutrients, space, energy, light, nutrition]
 42/100  Lentil plant                 have=[water, warmth]  extra=[nutrients, sunlight, light, soil, nutrition, space]
 43/100  Blackcurrant plant           have=[water, warmth]  extra=[berries, sunlight, soil, mulch, nutrients, nutrition]
 44/100  Wild onion plant             have=[water]  extra=[sunlight, soil, space, sun, pollination]
 45/100  Sorrel plant                 have=[water]  extra=[sunlight, space, darkness, care]
 46/100  Sesame plant                 have=[water, warmth]  extra=[seeds, fertilizer, nutrition, soil, harvest, nutrients]
 47/100  Pallas's cat                 have=[food, water, sleep, warmth, bathroom, hygiene, health, safety, shelter, movement]  extra=[territory, playfulness]
 48/100  Pronghorn                    have=[food, water, sleep, warmth, bathroom, hygiene, health, safety, shelter, social, movement]  extra=[territory, space, sunlight, habitat, companionship, forage]
 49/100  Quokka                       have=[food, water, sleep, warmth, bathroom, hygiene, health, safety, shelter, social, movement]  extra=[comfort, fun, companionship, territory, security, interaction]
 50/100  Groundhog                    have=[food, water, sleep, warmth, bathroom, hygiene, health, safety, shelter, love, movement]  extra=[territory, mate, digging, play, ground, sunlight]
 51/100  Basa                         have=[food, water, health, safety, movement]  extra=[territory, joy, affection, stimulation, knowledge, sunlight]
 52/100  Great horned owl             have=[food, sleep, warmth, bathroom, health, safety, shelter, movement]  extra=[camouflage, territory, space, moisture, mates, sound]
 53/100  Castor bean plant            have=[water, warmth]  extra=[sunlight, soil, rainfall, nutrients, sunshine, success]
 54/100  Avocado plant                have=[water, warmth]  extra=[nutrients, sunlight, fertilizer, soil, minerals, sunshine]
 55/100  Lovebug                      have=[food, water, sleep, warmth, health, safety, shelter, social, love, movement]  extra=[territory, sexiness, breating, breath, light, reproduction]
 56/100  Emu                          have=[food, water, sleep, warmth, bathroom, hygiene, health, safety, shelter, social, movement]  extra=[interaction, territory, mates, nurturing, exercise, space]
 57/100  Anise plant                  have=[water]  extra=[nutrients, sunlight, light, shade, ivories, leaves]
 58/100  Rutabaga plant               have=[water]  extra=[sunlight, soil, nutrients, nutrition, fertilizer, carrots]
 59/100  Northern white rhinoceros    have=[food, water, sleep, warmth, bathroom, hygiene, health, safety, shelter, social, love, movement]  extra=[territory, communication, freedom, protection, reproduction, leadership]
 60/100  Brown recluse spider         have=[food, health, safety, shelter]  extra=[assassination, darkness, territory, mating, moisture, web]
 61/100  Calamansi plant              have=[water, warmth]  extra=[fertilizer, sunlight, soil, nutrients, light, drainage]
 62/100  Blue-footed booby            have=[food, water, sleep, warmth, bathroom, hygiene, health, safety, shelter, social, love, movement]  extra=[play, territory, protection, noise, energy, birdcage]
 63/100  Hawaiian monk seal           have=[food, water, sleep, warmth, bathroom, hygiene, health, safety, shelter, movement]  extra=[companionship, attention, territory, energy, fun, recreation]
 64/100  Pomegranate plant            have=[water, warmth]  extra=[sun, sunlight, shade, minerals, humidity, nutrients]
 65/100  Calabash plant               have=[water]  extra=[sunlight, growth, soil, territory, space, temperature]
 66/100  Coriander plant              have=[water, warmth]  extra=[sunlight, soil, pests, light, space, nutrients]
 67/100  Ergot fungus                 have=[water]  extra=[sunlight, nutrients, moisture, seeds, infectionplace, light]
 68/100  Quinoa plant                 have=[water, warmth]  extra=[nutrients, sunlight, sunshine, soil, sun, light]
 69/100  Columbine plant              have=[water]  extra=[sunlight, pollination, fertilizer]
 70/100  Steller's jay                have=[food, water, sleep, warmth, bathroom, hygiene, health, safety, shelter, social, novelty, movement]  extra=[territory, engagefood, communication, daylight, foraging, noise]
 71/100  Cochineal                    have=[food, water, health, safety]  extra=[reproduction, black, territory, comfortable, cleanliness, space]
 72/100  Dugong                       have=[food, water, sleep, warmth, bathroom, hygiene, health, safety, shelter, social, movement]  extra=[territory, fun, socialization, excersize, comfort, security]
 73/100  Eastern gray squirrel        have=[food, water, sleep, warmth, bathroom, hygiene, health, safety, shelter, movement]  extra=[territory, play, space, others, attention, companionship]
 74/100  Asian giant hornet           have=[food, water, sleep, health, safety, shelter, social, movement]  extra=[sunlight, territory, pheromones, reproduction, mate, play]
 75/100  Swan                         have=[food, water, sleep, warmth, bathroom, hygiene, health, safety, shelter, social, movement]  extra=[territory, energy, comfort, partner, protection, rest]
 76/100  Alfalfa plant                have=[water]  extra=[soil, seeds, nutrients, sunlight, sun]
 77/100  Pea plant                    have=[water, warmth]  extra=[sunlight, light, soil, nitrogen, sun, fertilizer]
 78/100  Watercress plant             have=[water]  extra=[sunlight, light]
 79/100  Jaguarundi                   have=[food, water, sleep, warmth, bathroom, hygiene, health, safety, shelter, novelty, movement]  extra=[territory, socialization, comfort, terror, playmates]
 80/100  Spix's macaw                 have=[food, water, sleep, warmth, bathroom, hygiene, health, safety, shelter, social, love, novelty, movement]  extra=[freedom, attention, territory, exploration, privacy, enrichment]
 81/100  Black-footed cat             have=[food, water, sleep, warmth, bathroom, hygiene, health, safety, shelter, movement]  extra=[territory, companionship, shade, mates, affection, salt]
 82/100  Galápagos tortoise           have=[food, water, sleep, warmth, bathroom, hygiene, health, safety, shelter, movement]  extra=[socialization, sunlight, territory, romance, companionship, reproduction]
 83/100  Tamarind plant               have=[water, warmth]  extra=[light, productivity, sunlight, space, earth, nutrients]
 84/100  Liquorice plant              have=[water, warmth]  extra=[sunlight, sun, territory, light]
 85/100  Alpaca                       have=[food, water, sleep, warmth, bathroom, hygiene, health, safety, shelter, social, movement]  extra=[territory, sawdust, company, habitat, grooming, space]
 86/100  Peach plant                  have=[water, warmth, health]  extra=[sunlight, soil, photosynthesis, nutrients, space]
 87/100  Spinach plant                have=[water, warmth]  extra=[sunlight, nutrients, soil, dark, vitamins, light]
 88/100  Walleye                      have=[food, water, sleep, bathroom, health, safety, movement]  extra=[reproduction, territory, individuality, scales, speed, family]
 89/100  Khat plant                   have=[water]  extra=[sunlight, nitrogen, soil, nutrients, sun, drink]
 90/100  Garlic plant                 have=[water]  extra=[soil, sunlight, light, daylight, sulfur, sun]
 91/100  Australian plague locust     have=[food, water, warmth, health, safety, social, movement]  extra=[reproduction, growth, activity, light, territory, understanding]
 92/100  Giant golden-crowned flying fox have=[food, water, sleep, warmth, bathroom, health, safety, shelter, social, movement]  extra=[curiosity, sunlight, territory, relaxation, individuality, companionship]
 93/100  Saguaro plant                have=[water, health]  extra=[stability, sunlight, sun, territory, darkness]
 94/100  Asian black bear             have=[food, water, sleep, warmth, bathroom, hygiene, health, safety, shelter, purpose, movement]  extra=[territory, connection, company, community, socialization, affection]
 95/100  Fleabane plant               have=[water]  extra=[sunlight, darkness]
 96/100  Rose-breasted grosbeak       have=[food, water, sleep, warmth, bathroom, hygiene, health, safety, shelter, social, love, movement]  extra=[connection, pets, birdsong, territory, space, attention]
 97/100  Pansy plant                  have=[water]  extra=[sunlight, soil, light, fertility, fertilizer]
 98/100  Housefly                     have=[food, water, sleep, health, safety, movement]  extra=[security, growth, territory, smell, fertility, stimulation]
 99/100  Aye-aye                      have=[food, water, sleep, warmth, bathroom, hygiene, health, safety, shelter, love, purpose, novelty, movement]  extra=[territory, security, companionship, community, freedom, rest]
100/100  Allspice plant               have=[water]  extra=[sunlight, lush, space, nutrition, sun]
DONE -> species_needs_real.json
  1/50  Makit                        have=[]  extra=[sunlight, moisture, nutrients, memories, nutrition, none]
  2/50  Wallflower                   have=[water, sleep, warmth, health, safety]  extra=[affection, companionship, personality, sunlight, wilderness, company]
  3/50  Emoorah                      have=[food, sleep, warmth, health, safety, social, love, respect, purpose, novelty, movement]  extra=[company, beauty, mate, companionship, freedom, sunlight]
  4/50  Treant                       have=[water, health, safety, social, respect, purpose, novelty, movement]  extra=[autonomy, sunlight, light, territory, ethics, nutrition]
  5/50  Aspidochiron                 have=[water, sleep, warmth, health]  extra=[sunlight, forager, mate, amphetamines, playground, nutrition]
  6/50  Saketachew                   have=[]  extra=[anger, freedom, creativelife, stability, caprice, sky]
  7/50  Baku                         have=[food, water, warmth, bathroom, health, safety, shelter, purpose, movement]  extra=[enlightenment, dream, companionship, dreams, happiness, emotions]
  8/50  Moonlight dragon             have=[food, water, sleep, bathroom, health, safety, shelter, movement]  extra=[territory, mateship, oil, freedom, sunlight, temperature]
  9/50  Unicorn                      have=[food, water, sleep, purpose, novelty, movement]  extra=[idealism, grazing, goals, sparkling, helplessness, mate]
 10/50  Yi Ni                        have=[movement]  extra=[silence, mischief, music, metamorphism, invisibility, connection]
 11/50  Xerephs                      have=[food, sleep, warmth, health, safety, shelter, movement]  extra=[hydration, society, company, sadness, relaxation, romance]
 12/50  Odonsaii                     have=[food, water, warmth, bathroom, health, safety, shelter, social, purpose, novelty, movement]  extra=[connection, minerals, stimulation, information, touch, belonging]
 13/50  Squishmeat                   have=[food, water, sleep, warmth, health, safety, shelter, social, love, movement]  extra=[play, comfort, playfulness, mind, contentment, fun]
 14/50  Whooly                       have=[food, sleep, warmth, health, safety, love, novelty, movement]  extra=[order, bondage, sunlight, attention, friendship, companionship]
 15/50  Striped Snurggle             have=[food, water, sleep, health, safety, social, love, movement]  extra=[companionship, electricity, rattlesnake, pleasure, fun, territory]
 16/50  Grimoire                     have=[safety, respect]  extra=[admiration, privacy, attention, obscurity, information, knowledge]
 17/50  Tsuredure                    have=[food, water, sleep, warmth, health, safety, shelter, social, love, novelty, movement]  extra=[feathers, ornamentation, affection, belonging, light, growth]
 18/50  Hex Pig                      have=[food, water, sleep, warmth, bathroom, hygiene, health, safety, shelter, social, love, movement]  extra=[company, bedding, sunlight, affection, foraging, enrichment]
 19/50  Mundane                      have=[food, water, sleep, warmth, bathroom, health, safety, shelter, movement]  extra=[clothing, lights, happiness, comfort, sociality, entertainment]
 20/50  The Lone Local               have=[food, sleep, hygiene, health, safety, shelter, novelty]  extra=[sociality, money, knowledge, entertainment, employment, familiarity]
 21/50  Brownie                      have=[food, water, sleep, warmth, bathroom, hygiene, health, safety, shelter, social, love, respect, purpose, movement]  extra=[purposefulness, happiness, employment, freedom, belonging, fun]
 22/50  Ogre                         have=[food, water, sleep, warmth, bathroom, health, safety, shelter, movement]  extra=[territory, exercise, income, approval, laughter, entertainment]
 23/50  Sabertooth                   have=[food, water, sleep, warmth, bathroom, health, safety, shelter, movement]  extra=[territory, affection, attention, stimulation, defense, playtime]
 24/50  Banolion                     have=[food, water, sleep, warmth, bathroom, health, safety, shelter, movement]  extra=[territory, companionship, friendship, colors, wool, family]
 25/50  Kitawa                       have=[food, water, sleep, warmth, bathroom, hygiene, health, safety, shelter, social, love, novelty, movement]  extra=[footrubs, territory, amusement, belonging, variety, hat]
 26/50  Ginormous chicken            have=[food, water, sleep, warmth, bathroom, hygiene, health, safety, shelter, love, respect, movement]  extra=[exercise, affection, awareness, territory, space, color]
 27/50  Manbearpig                   have=[food, water, sleep, warmth, bathroom, health, safety, shelter, movement]  extra=[play, territory, attention, fun, garments, companionship]
 28/50  Deva                         have=[respect, purpose]  extra=[freedom, worship, achievement, worshippers, contentment, power]
 29/50  Eyegore                      have=[food, health]  extra=[mischief, souls, cruelty, sunlight, snacks, rage]
 30/50  Locho                        have=[food, health, movement]  extra=[ground, darkness, light, surface, nonexistence, sunlight]
 31/50  Horrificasculus              have=[food, health, safety]  extra=[mate, expression, mobility, territory, ac, environment]
 32/50  Embryoth                     have=[food, water, health, safety, shelter, movement]  extra=[secrecy, sunlight, light, comfort, kin, darkness]
 33/50  Hollow                       have=[food, health, safety, purpose, movement]  extra=[companionship, territory, lust, rest, freedom, friendship]
 34/50  Nuckelavee                   have=[food, sleep, warmth, bathroom, health, safety, shelter, movement]  extra=[heartbeats, play, company, fun, stimulus, morale]
 35/50  Charrhawk                    have=[food, water, sleep, warmth, bathroom, health, safety, shelter, social, respect, movement]  extra=[territory, power, emotional, balance, touch, sunlight]
 36/50  Thousand Pox                 have=[movement]  extra=[growth, reproduction, nutrition, contamination, expansion, disease]
 37/50  Charybdis                    have=[]  extra=[quiet, prey, power, fish, oil, pain]
 38/50  Quinom'                      have=[food, health, movement]  extra=[rest, flight, territory, sunlight, secrets, moisture]
 39/50  Nidhogg                      have=[food, health, movement]  extra=[exercise, happiness, pleasure, brethren, temperance, territory]
 40/50  Bahamut                      have=[food, water, sleep, warmth, bathroom, health, respect, movement]  extra=[sunshine, territory, vision, security, action, honor]
 41/50  Kraken                       have=[food, water, sleep, health, safety, movement]  extra=[area, territory, boredom, sunlight, sexorium, reproduction]
 42/50  Couatl                       have=[food, water, sleep, warmth, bathroom, health, safety, shelter, purpose, novelty, movement]  extra=[adventure, territory, exploring, terrirory, pride, curiosity]
 43/50  Nightmare                    have=[food, health, safety, movement]  extra=[darkness, emotion, nightfall, disguise, dreams, territory]
 44/50  Dethelfin                    have=[food, water, sleep, warmth, bathroom, health, safety, social, purpose, movement]  extra=[freedom, consciousness, aura, territory, sunscreen, swimming]
 45/50  Mnemosyne                    have=[food, purpose]  extra=[power, release, loneliness, creativity, souls, connection]
 46/50  Mimir                        have=[]  extra=[entertainment, credits, interactions, wisdom]
 47/50  Ouroboronion                 have=[purpose, movement]  extra=[audience, omniscience, direction, awareness, stability, vision]
 48/50  Lyrebird                     have=[food, water, sleep, warmth, bathroom, health, safety, shelter, social, love, novelty, movement]  extra=[communication, territory, terrain, friendship, socialization, church]
 49/50  Dresden                      have=[food, water, sleep, warmth, bathroom, hygiene, health, safety, shelter, purpose, movement]  extra=[cleanliness, grooming, curiosity, attention, affection, entertainment]
 50/50  Anosy                        have=[]  extra=[dead, omniasseration, comfort, energy, obedience, knowledge]
DONE -> species_needs_fantasy.json
